c:\users\nagore\desktop\sdlexamplesvcws\sdlexamplesvcws\01simplestaticdemo\debug\vc143.pdb
c:\users\nagore\desktop\sdlexamplesvcws\sdlexamplesvcws\01simplestaticdemo\debug\vc143.idb
c:\users\nagore\desktop\sdlexamplesvcws\sdlexamplesvcws\01simplestaticdemo\debug\ozeania.obj
c:\users\nagore\desktop\sdlexamplesvcws\sdlexamplesvcws\01simplestaticdemo\debug\menua.obj
c:\users\nagore\desktop\sdlexamplesvcws\sdlexamplesvcws\01simplestaticdemo\debug\main.obj
c:\users\nagore\desktop\sdlexamplesvcws\sdlexamplesvcws\01simplestaticdemo\debug\iparamerika.obj
c:\users\nagore\desktop\sdlexamplesvcws\sdlexamplesvcws\01simplestaticdemo\debug\hegoamerika.obj
c:\users\nagore\desktop\sdlexamplesvcws\sdlexamplesvcws\01simplestaticdemo\debug\europa.obj
c:\users\nagore\desktop\sdlexamplesvcws\sdlexamplesvcws\01simplestaticdemo\debug\asia.obj
c:\users\nagore\desktop\sdlexamplesvcws\sdlexamplesvcws\01simplestaticdemo\debug\afrika.obj
c:\users\nagore\desktop\sdlexamplesvcws\sdlexamplesvcws\01simplestaticdemo\debug\text.obj
c:\users\nagore\desktop\sdlexamplesvcws\sdlexamplesvcws\01simplestaticdemo\debug\soinua.obj
c:\users\nagore\desktop\sdlexamplesvcws\sdlexamplesvcws\01simplestaticdemo\debug\imagen.obj
c:\users\nagore\desktop\sdlexamplesvcws\sdlexamplesvcws\01simplestaticdemo\debug\graphics.obj
c:\users\nagore\desktop\sdlexamplesvcws\sdlexamplesvcws\01simplestaticdemo\debug\ebentoak.obj
c:\users\nagore\desktop\sdlexamplesvcws\sdlexamplesvcws\01simplestaticdemo\debug\irabazi.obj
c:\users\nagore\desktop\sdlexamplesvcws\sdlexamplesvcws\01simplestaticdemo\debug\dialogoak.obj
c:\users\nagore\desktop\sdlexamplesvcws\sdlexamplesvcws\01simplestaticdemo\debug\ezarpenak.obj
c:\users\nagore\desktop\sdlexamplesvcws\sdlexamplesvcws\01simplestaticdemo\debug\kredituak.obj
c:\users\nagore\desktop\sdlexamplesvcws\sdlexamplesvcws\01simplestaticdemo\debug\gida.obj
c:\users\nagore\desktop\sdlexamplesvcws\sdlexamplesvcws\01simplestaticdemo\debug\orokorrak.obj
c:\users\nagore\desktop\sdlexamplesvcws\sdlexamplesvcws\01simplestaticdemo\debug\jolastu.obj
c:\users\nagore\desktop\sdlexamplesvcws\sdlexamplesvcws\debug\mundua.exe
c:\users\nagore\desktop\sdlexamplesvcws\sdlexamplesvcws\01simplestaticdemo\debug\mundua.ilk
c:\users\nagore\desktop\sdlexamplesvcws\sdlexamplesvcws\debug\mundua.pdb
c:\users\nagore\desktop\sdlexamplesvcws\sdlexamplesvcws\01simplestaticdemo\debug\dialogoa.obj
c:\users\nagore\desktop\sdlexamplesvcws\sdlexamplesvcws\01simplestaticdemo\debug\jokoa.obj
c:\users\nagore\desktop\sdlexamplesvcws\sdlexamplesvcws\01simplestaticdemo\debug\jolasa.obj
c:\users\nagore\desktop\sdlexamplesvcws\sdlexamplesvcws\01simplestaticdemo\debug\juancarlos.obj
c:\users\nagore\desktop\sdlexamplesvcws\sdlexamplesvcws\01simplestaticdemo\debug\konprobatu.obj
c:\users\nagore\desktop\sdlexamplesvcws\sdlexamplesvcws\01simplestaticdemo\debug\mundua.obj
c:\users\nagore\desktop\sdlexamplesvcws\sdlexamplesvcws\01simplestaticdemo\debug\menua.obj.enc
c:\users\nagore\desktop\sdlexamplesvcws\sdlexamplesvcws\01simplestaticdemo\debug\mundua.tlog\cl.command.1.tlog
c:\users\nagore\desktop\sdlexamplesvcws\sdlexamplesvcws\01simplestaticdemo\debug\mundua.tlog\cl.items.tlog
c:\users\nagore\desktop\sdlexamplesvcws\sdlexamplesvcws\01simplestaticdemo\debug\mundua.tlog\cl.read.1.tlog
c:\users\nagore\desktop\sdlexamplesvcws\sdlexamplesvcws\01simplestaticdemo\debug\mundua.tlog\cl.write.1.tlog
c:\users\nagore\desktop\sdlexamplesvcws\sdlexamplesvcws\01simplestaticdemo\debug\mundua.tlog\link.command.1.tlog
c:\users\nagore\desktop\sdlexamplesvcws\sdlexamplesvcws\01simplestaticdemo\debug\mundua.tlog\link.read.1.tlog
c:\users\nagore\desktop\sdlexamplesvcws\sdlexamplesvcws\01simplestaticdemo\debug\mundua.tlog\link.write.1.tlog
